[createathon.co/index.html]
[backblue.gif]
[fade.gif]
[index.html]
[createathon.co/images/og-image.jpg]
[createathon.co/assets/main-Cqt0aB2o.tsx]
[createathon.co/assets/js/index-CZNn7_uF.js]
[createathon.co/assets/js/vendor-DpUY10OX.js]
[createathon.co/assets/js/vendor-styling-BLIO8Y9m.js]
[createathon.co/assets/js/vendor-react-BBYH-h85.js]
[createathon.co/assets/js/vendor-animations-BMPwM_hM.js]
[createathon.co/assets/js/subcomponents-BY9-WgZS.js]
[createathon.co/assets/js/components-D91kD7q8.js]
[createathon.co/manifest.webmanifest]
[createathon.co/registerSW.js]
[createathon.co/index.html]
[createathon.co/Logotype.svg]
[createathon.co/images/og-image.html]
[createathon.co/svg.svg]
[createathon.co/assets/css/vendor-react-CByUaBht.css]
[createathon.co/grid-pattern.png]
[createathon.co/assets/css/index-DG5UquUa.css]
[createathon.co/grid-pattern.html]
[createathon.co/grid-pattern.svg]
